<?xml version="1.0" encoding="UTF-8"?>
<!-- Generated by org.testng.reporters.JUnitXMLReporter -->
<testsuite ignored="0" hostname="DESKTOP-F9ACE5P" failures="0" tests="4" name="Default test" time="0.086" errors="0" timestamp="2024-02-27T11:42:12 IST">
  <testcase classname="AxisQA.TestNG.AnnotationsEg" name="testcase1" time="0.006"/>
  <testcase classname="AxisQA.TestNG.AnnotationsEg" name="testcase2" time="0.001"/>
  <testcase classname="AxisQA.TestNG.AnnotationsEg" name="testcase3" time="0.001"/>
  <testcase classname="AxisQA.TestNG.AnnotationsEg" name="testcase4" time="0.009"/>
</testsuite> <!-- Default test -->
