<?xml version="1.0" encoding="UTF-8"?>
<!-- Generated by org.testng.reporters.JUnitXMLReporter -->
<testsuite ignored="3" hostname="DESKTOP-F9ACE5P" failures="0" tests="4" name="Test" time="0.079" errors="0" timestamp="2024-02-28T15:16:28 IST">
  <testcase classname="AxisQA.TestNG.Grouping" name="AddToCart" time="0.005"/>
  <testcase classname="AxisQA.TestNG.Grouping" name="Payment" time="0.002"/>
  <testcase classname="AxisQA.TestNG.Grouping" name="Products" time="0.0"/>
  <testcase classname="AxisQA.TestNG.Grouping" name="login" time="0.001"/>
  <testcase classname="AxisQA.TestNG.NewTest" name="TestCase" time="0.0">
    <ignored/>
  </testcase> <!-- TestCase -->
  <testcase classname="AxisQA.TestNG.InvokeChrome" name="invokechrome" time="0.0">
    <ignored/>
  </testcase> <!-- invokechrome -->
  <testcase classname="AxisQA.TestNG.InvokeFirefox" name="inovkefirefox" time="0.0">
    <ignored/>
  </testcase> <!-- inovkefirefox -->
</testsuite> <!-- Test -->
