<?xml version="1.0" encoding="UTF-8"?>
<testng-results ignored="0" total="1" passed="1" failed="0" skipped="0">
  <reporter-output>
  </reporter-output>
  <suite started-at="2024-02-28T18:43:55 IST" name="Suite" finished-at="2024-02-28T18:43:55 IST" duration-ms="38">
    <groups>
    </groups>
    <test started-at="2024-02-28T18:43:55 IST" name="Test" finished-at="2024-02-28T18:43:55 IST" duration-ms="38">
      <class name="AxisQA.TestNG.NewTest">
        <test-method signature="TestCase()[pri:0, instance:AxisQA.TestNG.NewTest@3e6ef8ad]" started-at="2024-02-28T18:43:55 IST" name="TestCase" finished-at="2024-02-28T18:43:55 IST" duration-ms="4" status="PASS">
          <reporter-output>
          </reporter-output>
        </test-method> <!-- TestCase -->
      </class> <!-- AxisQA.TestNG.NewTest -->
    </test> <!-- Test -->
  </suite> <!-- Suite -->
</testng-results>
