<?xml version="1.0" encoding="UTF-8"?>
<testsuite xmlns:xsi="http://www.w3.org/2001/XMLSchema-instance" xsi:noNamespaceSchemaLocation="https://maven.apache.org/surefire/maven-surefire-plugin/xsd/surefire-test-report.xsd" name="TestSuite" time="0.937" tests="4" errors="0" skipped="0" failures="0">
  <properties>
[...]
</properties>
  <testcase name="AddToCart" classname="AxisQA.TestNG.Grouping" time="0.007"/>
  <testcase name="Payment" classname="AxisQA.TestNG.Grouping" time="0"/>
  <testcase name="Products" classname="AxisQA.TestNG.Grouping" time="0"/>
  <testcase name="login" classname="AxisQA.TestNG.Grouping" time="0"/>
</testsuite>