<?xml version="1.0" encoding="UTF-8"?>
<testng-results ignored="0" total="1" passed="1" failed="0" skipped="0">
  <reporter-output>
  </reporter-output>
  <suite started-at="2024-02-28T10:49:23Z" name="Default suite" finished-at="2024-02-28T10:49:23Z" duration-ms="87">
    <groups>
    </groups>
    <test started-at="2024-02-28T10:49:23Z" name="Default test" finished-at="2024-02-28T10:49:23Z" duration-ms="87">
      <class name="AxisQA.TestNG.NewTest">
        <test-method signature="TestCase()[pri:0, instance:AxisQA.TestNG.NewTest@73d983ea]" started-at="2024-02-28T16:19:23Z" name="TestCase" finished-at="2024-02-28T16:19:23Z" duration-ms="31" status="PASS">
          <reporter-output>
          </reporter-output>
        </test-method> <!-- TestCase -->
      </class> <!-- AxisQA.TestNG.NewTest -->
    </test> <!-- Default test -->
  </suite> <!-- Default suite -->
</testng-results>
